Build started 11/19/2015 10:47:38 AM.
     1>Project "E:\GitHub\DesignPattern\src\FactoryMethod\FactoryMethod.vcxproj" on node 2 (Rebuild target(s)).
     1>ClCompile:
         C:\Program Files (x86)\Microsoft Visual Studio 14.0\VC\bin\CL.exe /c /ZI /nologo /W3 /WX- /sdl /Od /Oy- /D _MBCS /Gm /EHsc /RTC1 /MDd /GS /fp:precise /Zc:wchar_t /Zc:forScope /Zc:inline /Fo"Debug\\" /Fd"Debug\vc140.pdb" /Gd /TP /analyze- /errorReport:prompt FactoryMethod.cpp
         FactoryMethod.cpp
     1>e:\github\designpattern\src\factorymethod\creator.h(57): error C2143: syntax error: missing ';' before '<'
     1>e:\github\designpattern\src\factorymethod\creator.h(57): error C2433: 'Creator::unique_ptr': 'virtual' not permitted on data declarations
     1>e:\github\designpattern\src\factorymethod\creator.h(57): error C4430: missing type specifier - int assumed. Note: C++ does not support default-int
     1>e:\github\designpattern\src\factorymethod\creator.h(57): error C2238: unexpected token(s) preceding ';'
     1>e:\github\designpattern\src\factorymethod\creator.h(50): error C3861: 'FactoryMethod': identifier not found
     1>e:\github\designpattern\src\factorymethod\creator.h(51): error C2227: left of '->method' must point to class/struct/union/generic type
         e:\github\designpattern\src\factorymethod\creator.h(51): note: type is 'unknown-type'
     1>e:\github\designpattern\src\factorymethod\creator.h(68): error C2143: syntax error: missing ';' before '<'
     1>e:\github\designpattern\src\factorymethod\creator.h(68): error C4430: missing type specifier - int assumed. Note: C++ does not support default-int
     1>e:\github\designpattern\src\factorymethod\creator.h(69): error C2334: unexpected token(s) preceding '{'; skipping apparent function body
     1>Done Building Project "E:\GitHub\DesignPattern\src\FactoryMethod\FactoryMethod.vcxproj" (Rebuild target(s)) -- FAILED.

Build FAILED.

Time Elapsed 00:00:00.27
